EESchema (2007-11-29-a)  >> Creation date: 1/10/2008-16:21:58

#Cmp ( order = Reference )
| 21         TFK_705     
| C1         100uF       
| C2         10p         
| C3         10p         
| C4         100uF       
| D1         LED         
| D2         BRIDGE      
| K1         CONN_3      
| P1         CONN_7      
| P2         CONN_6      
| P3         CONN_5      
| P4         CONN_2      
| R1         1k          
| R10        1k          
| R11        1k          
| R12        1k          
| R13        10k         
| R14        10k         
| R15        10k         
| R16        10k         
| R17        10k         
| R18        10k         
| R19        1k          
| R2         1k          
| R20        560         
| R21        560         
| R22        560         
| R23        560         
| R24        560         
| R25        560         
| R26        560         
| R27        10k         
| R28        10k         
| R29        560         
| R3         1k          
| R30        560         
| R31        560         
| R32        560         
| R33        560         
| R34        560         
| R35        560         
| R36        10k         
| R37        10k         
| R4         560         
| R5         1k          
| R6         1k          
| R7         1k          
| R8         1k          
| R9         1k          
| U06        4543        
| U08        4543        
| U1         PHDARL      
| U2         PHDARL      
| U3         PHDARL      
| U4         PHDARL      
| U5         PHDARL      
| U6         PHDARL      
| U7         PIC16F876   
| U8         7805        
| X1         20MHz       
#End Cmp

#End List
