EESchema (2007-11-29-a)  >> Creation date: 1/10/2008-16:25:37

#Cmp ( order = Reference )
| C1         220pF       
| C10        220pF       
| C11        100uF       
| C12        0.1uF       
| C2         220pF       
| C3         220pF       
| C4         1nF         
| C5         470pF       
| C6         0.1uF       
| C7         0.1uF       
| C8         0.1uF       
| C9         220pF       
| D1         LED         
| D2         DIODE       
| D3         DIODE       
| D4         DIODE       
| D5         DIODE       
| D6         DIODE       
| D7         DIODE       
| D8         DIODE       
| D9         DIODE       
| JP1        JUMPER      
| K1         CONN_3      
| P1         CONN_5      
| P2         CONN_2      
| P3         CONN_4      
| R1         390         
| R10        2k7         
| R11        10k         
| R12        10k         
| R13        10k         
| R14        0.5 2W      
| R15        0.5 2W      
| R2         10k         
| R3         10k         
| R4         10k         
| R5         10k         
| R6         10k         
| R7         10k         
| R8         47k         
| R9         1k          
| RV1        1k          
| U1         74HC14      
| U2         L297        
| U3         L298        
#End Cmp

#End List
